[1678112102] Nagios 4.4.8 starting... (PID=20)
[1678112102] Local time is Mon Mar 06 14:15:02 UTC 2023
[1678112102] LOG VERSION: 2.0
[1678112102] qh: Socket '/opt/nagios/var/rw/nagios.qh' successfully initialized
[1678112102] qh: core query handler registered
[1678112102] qh: echo service query handler registered
[1678112102] qh: help for the query handler registered
[1678112102] wproc: Successfully registered manager as @wproc with query handler
[1678112102] wproc: Registry request: name=Core Worker 37;pid=37
[1678112102] wproc: Registry request: name=Core Worker 39;pid=39
[1678112102] wproc: Registry request: name=Core Worker 40;pid=40
[1678112102] wproc: Registry request: name=Core Worker 38;pid=38
[1678112102] Warning: Could not open object cache file '/opt/nagios/var/objects.cache' for writing!
[1678112102] Warning: File '/opt/nagios/var/perfdata.log' could not be opened - service performance data will not be written to file!
[1678112103] Error: Unable to create temp file '/opt/nagios/var/nagios.tmpqM9d3G' for writing status data: Permission denied
[1678112103] Successfully launched command file worker with pid 43
[1678112112] Warning: File '/opt/nagios/var/perfdata.log' could not be opened - service performance data will not be written to file!
[1678112112] Error: Unable to create temp file '/opt/nagios/var/nagios.tmpu262kG' for writing status data: Permission denied
[1678112122] Warning: File '/opt/nagios/var/perfdata.log' could not be opened - service performance data will not be written to file!
[1678112122] Error: Unable to create temp file '/opt/nagios/var/nagios.tmpFYbYkG' for writing status data: Permission denied
[1678112132] Warning: File '/opt/nagios/var/perfdata.log' could not be opened - service performance data will not be written to file!
[1678112132] Error: Unable to create temp file '/opt/nagios/var/nagios.tmpwN1U8G' for writing status data: Permission denied
[1678112142] Warning: File '/opt/nagios/var/perfdata.log' could not be opened - service performance data will not be written to file!
[1678112142] Error: Unable to create temp file '/opt/nagios/var/nagios.tmppoi2IJ' for writing status data: Permission denied
[1678112152] Warning: File '/opt/nagios/var/perfdata.log' could not be opened - service performance data will not be written to file!
[1678112152] Error: Unable to create temp file '/opt/nagios/var/nagios.tmpC7TupG' for writing status data: Permission denied
[1678112153] Caught SIGTERM, shutting down...
[1678112153] Successfully shutdown... (PID=20)
[1678112623] Nagios 4.4.8 starting... (PID=21)
[1678112623] Local time is Mon Mar 06 14:23:43 UTC 2023
[1678112623] LOG VERSION: 2.0
[1678112623] qh: Socket '/opt/nagios/var/rw/nagios.qh' successfully initialized
[1678112623] qh: core query handler registered
[1678112623] qh: echo service query handler registered
[1678112623] qh: help for the query handler registered
[1678112623] wproc: Successfully registered manager as @wproc with query handler
[1678112623] wproc: Registry request: name=Core Worker 34;pid=34
[1678112623] wproc: Registry request: name=Core Worker 36;pid=36
[1678112623] wproc: Registry request: name=Core Worker 33;pid=33
[1678112623] wproc: Registry request: name=Core Worker 35;pid=35
[1678112624] Successfully launched command file worker with pid 39
[1678112751] SERVICE ALERT: localhost;HTTP;WARNING;SOFT;1;HTTP WARNING: HTTP/1.1 401 Unauthorized - 695 bytes in 0.000 second response time
[1678112811] SERVICE ALERT: localhost;HTTP;WARNING;SOFT;2;HTTP WARNING: HTTP/1.1 401 Unauthorized - 695 bytes in 0.000 second response time
[1678112871] SERVICE ALERT: localhost;HTTP;WARNING;SOFT;3;HTTP WARNING: HTTP/1.1 401 Unauthorized - 695 bytes in 0.000 second response time
[1678112880] SERVICE ALERT: localhost;Swap Usage;CRITICAL;SOFT;1;SWAP CRITICAL - 0% free (0 MB out of 0 MB) - Swap is either disabled, not present, or of zero size.
[1678112931] SERVICE ALERT: localhost;HTTP;WARNING;HARD;4;HTTP WARNING: HTTP/1.1 401 Unauthorized - 695 bytes in 0.000 second response time
[1678112940] SERVICE ALERT: localhost;Swap Usage;CRITICAL;SOFT;2;SWAP CRITICAL - 0% free (0 MB out of 0 MB) - Swap is either disabled, not present, or of zero size.
[1678113000] SERVICE ALERT: localhost;Swap Usage;CRITICAL;SOFT;3;SWAP CRITICAL - 0% free (0 MB out of 0 MB) - Swap is either disabled, not present, or of zero size.
[1678113060] SERVICE NOTIFICATION: nagiosadmin;localhost;Swap Usage;CRITICAL;notify-service-by-email;SWAP CRITICAL - 0% free (0 MB out of 0 MB) - Swap is either disabled, not present, or of zero size.
[1678113060] SERVICE ALERT: localhost;Swap Usage;CRITICAL;HARD;4;SWAP CRITICAL - 0% free (0 MB out of 0 MB) - Swap is either disabled, not present, or of zero size.
